2020-08-30 00:58:43 User cmd: 9 haojie
2020-08-30 00:58:43 用户 haojie 加入了游戏。
2020-08-30 01:00:21 User cmd: 9 haojie
2020-08-30 01:00:21 用户 haojie 加入了游戏。
2020-08-30 01:00:27 User cmd: 1 haojie
2020-08-30 01:00:27 用户 haojie 查询在线列表。
2020-08-30 01:00:48 User cmd: 2 haojie
2020-08-30 01:00:48 用户 haojie 开启一个战局。
2020-08-30 01:26:28 User cmd: 9 haojie
2020-08-30 01:26:28 用户 haojie 加入了游戏。
2020-08-30 01:26:33 User cmd: 9 zhangsan
2020-08-30 01:26:33 用户 zhangsan 加入了游戏。
2020-08-30 01:54:05 User cmd: 9 h
2020-08-30 01:54:05 用户 h 加入了游戏。
2020-08-30 02:14:28 User cmd: 9 haojie
2020-08-30 02:14:28 用户 haojie 加入了游戏。
2020-08-30 02:14:32 User cmd: 1 haojie
2020-08-30 02:14:32 用户 haojie 查询在线列表。
2020-08-30 02:15:24 User cmd: 9 zhangsan
2020-08-30 02:15:24 用户 zhangsan 加入了游戏。
2020-08-30 02:15:35 User cmd: 2 haojie
2020-08-30 02:15:35 用户 haojie 开启一个战局。
2020-08-30 02:15:38 User cmd: 1 zhangsan
2020-08-30 02:15:38 用户 zhangsan 查询在线列表。
2020-08-30 02:15:45 User cmd: 3 zhangsan haojie
2020-08-30 02:15:45 用户 zhangsan 参加 haojie 的战局。
2020-08-30 02:15:52 User cmd: 4 haojie A
2020-08-30 02:15:52 用户 haojie 出拳 A
2020-08-30 02:15:52 用户 haojie 出拳 A ,对手未出拳。
2020-08-30 02:15:58 User cmd: 4 zhangsan A
2020-08-30 02:15:58 用户 zhangsan 出拳 A
2020-08-30 02:15:58 用户 zhangsan 出拳 A ,对手出拳 A。
2020-08-30 02:16:56 User cmd: 9 lisi
2020-08-30 02:16:56 用户 lisi 加入了游戏。
2020-08-30 02:16:57 User cmd: 1 lisi
2020-08-30 02:16:57 用户 lisi 查询在线列表。
2020-08-30 02:17:04 User cmd: 0 zhangsan
2020-08-30 02:17:04 用户 zhangsan 离开了游戏。
2020-08-30 02:17:09 User cmd: 1 haojie
2020-08-30 02:17:09 用户 haojie 查询在线列表。
2020-08-30 02:17:12 User cmd: 2 haojie
2020-08-30 02:17:12 用户 haojie 开启一个战局。
2020-08-30 02:17:15 User cmd: 1 lisi
2020-08-30 02:17:15 用户 lisi 查询在线列表。
2020-08-30 02:17:22 User cmd: 0 lisi
2020-08-30 02:17:22 用户 lisi 离开了游戏。
